0 info it worked if it ends with ok
1 verbose cli [ 'C:\\Program Files\\nodejs\\node.exe',
1 verbose cli   'C:\\Program Files\\nodejs\\node_modules\\npm\\bin\\npm-cli.js',
1 verbose cli   'run',
1 verbose cli   'rebuild-sqlite3' ]
2 info using npm@2.14.12
3 info using node@v4.3.0
4 verbose run-script [ 'prerebuild-sqlite3',
4 verbose run-script   'rebuild-sqlite3',
4 verbose run-script   'postrebuild-sqlite3' ]
5 info prerebuild-sqlite3 electron-worker@1.0.0
6 info rebuild-sqlite3 electron-worker@1.0.0
7 verbose unsafe-perm in lifecycle true
8 info electron-worker@1.0.0 Failed to exec rebuild-sqlite3 script
9 verbose stack Error: electron-worker@1.0.0 rebuild-sqlite3: `cd node_modules/sqlite3 && npm run prepublish && node-gyp configure --module_name=node_sqlite3 --module_path=../lib/binding/node-v46-win32-x64 && node-gyp rebuild --target=0.36.9 --arch=x64 --target_platform=win32 --dist-url=https://atom.io/download/atom-shell --module_name=node_sqlite3 --module_path=../lib/binding/node-v46-win32-x64`
9 verbose stack Exit status 1
9 verbose stack     at EventEmitter.<anonymous> (C:\Program Files\nodejs\node_modules\npm\lib\utils\lifecycle.js:214:16)
9 verbose stack     at emitTwo (events.js:87:13)
9 verbose stack     at EventEmitter.emit (events.js:172:7)
9 verbose stack     at ChildProcess.<anonymous> (C:\Program Files\nodejs\node_modules\npm\lib\utils\spawn.js:24:14)
9 verbose stack     at emitTwo (events.js:87:13)
9 verbose stack     at ChildProcess.emit (events.js:172:7)
9 verbose stack     at maybeClose (internal/child_process.js:821:16)
9 verbose stack     at Process.ChildProcess._handle.onexit (internal/child_process.js:211:5)
10 verbose pkgid electron-worker@1.0.0
11 verbose cwd C:\projects\electron-worker\example
12 error Windows_NT 6.3.9600
13 error argv "C:\\Program Files\\nodejs\\node.exe" "C:\\Program Files\\nodejs\\node_modules\\npm\\bin\\npm-cli.js" "run" "rebuild-sqlite3"
14 error node v4.3.0
15 error npm  v2.14.12
16 error code ELIFECYCLE
17 error electron-worker@1.0.0 rebuild-sqlite3: `cd node_modules/sqlite3 && npm run prepublish && node-gyp configure --module_name=node_sqlite3 --module_path=../lib/binding/node-v46-win32-x64 && node-gyp rebuild --target=0.36.9 --arch=x64 --target_platform=win32 --dist-url=https://atom.io/download/atom-shell --module_name=node_sqlite3 --module_path=../lib/binding/node-v46-win32-x64`
17 error Exit status 1
18 error Failed at the electron-worker@1.0.0 rebuild-sqlite3 script 'cd node_modules/sqlite3 && npm run prepublish && node-gyp configure --module_name=node_sqlite3 --module_path=../lib/binding/node-v46-win32-x64 && node-gyp rebuild --target=0.36.9 --arch=x64 --target_platform=win32 --dist-url=https://atom.io/download/atom-shell --module_name=node_sqlite3 --module_path=../lib/binding/node-v46-win32-x64'.
18 error This is most likely a problem with the electron-worker package,
18 error not with npm itself.
18 error Tell the author that this fails on your system:
18 error     cd node_modules/sqlite3 && npm run prepublish && node-gyp configure --module_name=node_sqlite3 --module_path=../lib/binding/node-v46-win32-x64 && node-gyp rebuild --target=0.36.9 --arch=x64 --target_platform=win32 --dist-url=https://atom.io/download/atom-shell --module_name=node_sqlite3 --module_path=../lib/binding/node-v46-win32-x64
18 error You can get their info via:
18 error     npm owner ls electron-worker
18 error There is likely additional logging output above.
19 verbose exit [ 1, true ]
